<?xml version="1.0" encoding="UTF-8"?>
<testsuite xmlns:xsi="http://www.w3.org/2001/XMLSchema-instance" xsi:noNamespaceSchemaLocation="https://maven.apache.org/surefire/maven-surefire-plugin/xsd/surefire-test-report-3.0.xsd" version="3.0" name="UI_UX.SpeakerTest" time="0.023" tests="4" errors="0" skipped="0" failures="0">
  <properties>
[...]
</properties>
  <testcase name="testInvalidEmails" classname="UI_UX.SpeakerTest" time="0.014"/>
  <testcase name="testValidPasswords" classname="UI_UX.SpeakerTest" time="0.001"/>
  <testcase name="testValidEmails" classname="UI_UX.SpeakerTest" time="0.002"/>
  <testcase name="testInvalidPasswords" classname="UI_UX.SpeakerTest" time="0.001"/>
</testsuite>